2020-05-01 13:42:28.400 WARN  [main]s.d.s.readers.operation.OperationImplicitParameterReader.maybeGetModelRef:88 -Coercing to be of type string. This may not even be a scalar type in actuality
2020-05-01 13:42:28.403 WARN  [main]s.d.s.readers.operation.OperationImplicitParameterReader.maybeGetModelRef:88 -Coercing to be of type string. This may not even be a scalar type in actuality
2020-05-01 13:42:28.411 WARN  [main]s.d.s.readers.operation.OperationImplicitParameterReader.maybeGetModelRef:88 -Coercing to be of type string. This may not even be a scalar type in actuality
2020-05-01 13:42:28.412 WARN  [main]s.d.s.readers.operation.OperationImplicitParameterReader.maybeGetModelRef:88 -Coercing to be of type string. This may not even be a scalar type in actuality
2020-05-01 13:42:28.414 WARN  [main]s.d.s.readers.operation.OperationImplicitParameterReader.maybeGetModelRef:88 -Coercing to be of type string. This may not even be a scalar type in actuality
2020-05-01 13:42:28.415 WARN  [main]s.d.s.readers.operation.OperationImplicitParameterReader.maybeGetModelRef:88 -Coercing to be of type string. This may not even be a scalar type in actuality
2020-05-01 13:42:28.417 WARN  [main]s.d.s.readers.operation.OperationImplicitParameterReader.maybeGetModelRef:88 -Coercing to be of type string. This may not even be a scalar type in actuality
2020-05-01 13:42:28.418 WARN  [main]s.d.s.readers.operation.OperationImplicitParameterReader.maybeGetModelRef:88 -Coercing to be of type string. This may not even be a scalar type in actuality
2020-05-01 13:42:28.421 WARN  [main]s.d.s.readers.operation.OperationImplicitParameterReader.maybeGetModelRef:88 -Coercing to be of type string. This may not even be a scalar type in actuality
2020-05-01 13:42:28.422 WARN  [main]s.d.s.readers.operation.OperationImplicitParameterReader.maybeGetModelRef:88 -Coercing to be of type string. This may not even be a scalar type in actuality
2020-05-01 13:42:28.425 WARN  [main]s.d.s.readers.operation.OperationImplicitParameterReader.maybeGetModelRef:88 -Coercing to be of type string. This may not even be a scalar type in actuality
2020-05-01 13:42:28.426 WARN  [main]s.d.s.readers.operation.OperationImplicitParameterReader.maybeGetModelRef:88 -Coercing to be of type string. This may not even be a scalar type in actuality
2020-05-01 13:42:28.428 WARN  [main]s.d.s.readers.operation.OperationImplicitParameterReader.maybeGetModelRef:88 -Coercing to be of type string. This may not even be a scalar type in actuality
2020-05-01 13:42:28.428 WARN  [main]s.d.s.readers.operation.OperationImplicitParameterReader.maybeGetModelRef:88 -Coercing to be of type string. This may not even be a scalar type in actuality
2020-05-01 13:42:28.431 WARN  [main]s.d.s.readers.operation.OperationImplicitParameterReader.maybeGetModelRef:88 -Coercing to be of type string. This may not even be a scalar type in actuality
2020-05-01 13:42:28.431 WARN  [main]s.d.s.readers.operation.OperationImplicitParameterReader.maybeGetModelRef:88 -Coercing to be of type string. This may not even be a scalar type in actuality
2020-05-01 13:44:03.609 WARN  [main]s.d.s.readers.operation.OperationImplicitParameterReader.maybeGetModelRef:88 -Coercing to be of type string. This may not even be a scalar type in actuality
2020-05-01 13:44:03.611 WARN  [main]s.d.s.readers.operation.OperationImplicitParameterReader.maybeGetModelRef:88 -Coercing to be of type string. This may not even be a scalar type in actuality
2020-05-01 13:44:03.625 WARN  [main]s.d.s.readers.operation.OperationImplicitParameterReader.maybeGetModelRef:88 -Coercing to be of type string. This may not even be a scalar type in actuality
2020-05-01 13:44:03.626 WARN  [main]s.d.s.readers.operation.OperationImplicitParameterReader.maybeGetModelRef:88 -Coercing to be of type string. This may not even be a scalar type in actuality
2020-05-01 13:44:03.628 WARN  [main]s.d.s.readers.operation.OperationImplicitParameterReader.maybeGetModelRef:88 -Coercing to be of type string. This may not even be a scalar type in actuality
2020-05-01 13:44:03.628 WARN  [main]s.d.s.readers.operation.OperationImplicitParameterReader.maybeGetModelRef:88 -Coercing to be of type string. This may not even be a scalar type in actuality
2020-05-01 13:44:03.630 WARN  [main]s.d.s.readers.operation.OperationImplicitParameterReader.maybeGetModelRef:88 -Coercing to be of type string. This may not even be a scalar type in actuality
2020-05-01 13:44:03.630 WARN  [main]s.d.s.readers.operation.OperationImplicitParameterReader.maybeGetModelRef:88 -Coercing to be of type string. This may not even be a scalar type in actuality
2020-05-01 13:44:03.633 WARN  [main]s.d.s.readers.operation.OperationImplicitParameterReader.maybeGetModelRef:88 -Coercing to be of type string. This may not even be a scalar type in actuality
2020-05-01 13:44:03.634 WARN  [main]s.d.s.readers.operation.OperationImplicitParameterReader.maybeGetModelRef:88 -Coercing to be of type string. This may not even be a scalar type in actuality
2020-05-01 13:44:03.636 WARN  [main]s.d.s.readers.operation.OperationImplicitParameterReader.maybeGetModelRef:88 -Coercing to be of type string. This may not even be a scalar type in actuality
2020-05-01 13:44:03.637 WARN  [main]s.d.s.readers.operation.OperationImplicitParameterReader.maybeGetModelRef:88 -Coercing to be of type string. This may not even be a scalar type in actuality
2020-05-01 13:44:03.640 WARN  [main]s.d.s.readers.operation.OperationImplicitParameterReader.maybeGetModelRef:88 -Coercing to be of type string. This may not even be a scalar type in actuality
2020-05-01 13:44:03.641 WARN  [main]s.d.s.readers.operation.OperationImplicitParameterReader.maybeGetModelRef:88 -Coercing to be of type string. This may not even be a scalar type in actuality
2020-05-01 13:44:03.644 WARN  [main]s.d.s.readers.operation.OperationImplicitParameterReader.maybeGetModelRef:88 -Coercing to be of type string. This may not even be a scalar type in actuality
2020-05-01 13:44:03.645 WARN  [main]s.d.s.readers.operation.OperationImplicitParameterReader.maybeGetModelRef:88 -Coercing to be of type string. This may not even be a scalar type in actuality
2020-05-01 13:45:30.895 WARN  [main]s.d.s.readers.operation.OperationImplicitParameterReader.maybeGetModelRef:88 -Coercing to be of type string. This may not even be a scalar type in actuality
2020-05-01 13:45:30.897 WARN  [main]s.d.s.readers.operation.OperationImplicitParameterReader.maybeGetModelRef:88 -Coercing to be of type string. This may not even be a scalar type in actuality
2020-05-01 13:45:30.906 WARN  [main]s.d.s.readers.operation.OperationImplicitParameterReader.maybeGetModelRef:88 -Coercing to be of type string. This may not even be a scalar type in actuality
2020-05-01 13:45:30.907 WARN  [main]s.d.s.readers.operation.OperationImplicitParameterReader.maybeGetModelRef:88 -Coercing to be of type string. This may not even be a scalar type in actuality
2020-05-01 13:45:30.909 WARN  [main]s.d.s.readers.operation.OperationImplicitParameterReader.maybeGetModelRef:88 -Coercing to be of type string. This may not even be a scalar type in actuality
2020-05-01 13:45:30.910 WARN  [main]s.d.s.readers.operation.OperationImplicitParameterReader.maybeGetModelRef:88 -Coercing to be of type string. This may not even be a scalar type in actuality
2020-05-01 13:45:30.912 WARN  [main]s.d.s.readers.operation.OperationImplicitParameterReader.maybeGetModelRef:88 -Coercing to be of type string. This may not even be a scalar type in actuality
2020-05-01 13:45:30.912 WARN  [main]s.d.s.readers.operation.OperationImplicitParameterReader.maybeGetModelRef:88 -Coercing to be of type string. This may not even be a scalar type in actuality
2020-05-01 13:45:30.915 WARN  [main]s.d.s.readers.operation.OperationImplicitParameterReader.maybeGetModelRef:88 -Coercing to be of type string. This may not even be a scalar type in actuality
2020-05-01 13:45:30.916 WARN  [main]s.d.s.readers.operation.OperationImplicitParameterReader.maybeGetModelRef:88 -Coercing to be of type string. This may not even be a scalar type in actuality
2020-05-01 13:45:30.920 WARN  [main]s.d.s.readers.operation.OperationImplicitParameterReader.maybeGetModelRef:88 -Coercing to be of type string. This may not even be a scalar type in actuality
2020-05-01 13:45:30.921 WARN  [main]s.d.s.readers.operation.OperationImplicitParameterReader.maybeGetModelRef:88 -Coercing to be of type string. This may not even be a scalar type in actuality
2020-05-01 13:45:30.925 WARN  [main]s.d.s.readers.operation.OperationImplicitParameterReader.maybeGetModelRef:88 -Coercing to be of type string. This may not even be a scalar type in actuality
2020-05-01 13:45:30.925 WARN  [main]s.d.s.readers.operation.OperationImplicitParameterReader.maybeGetModelRef:88 -Coercing to be of type string. This may not even be a scalar type in actuality
2020-05-01 13:45:30.928 WARN  [main]s.d.s.readers.operation.OperationImplicitParameterReader.maybeGetModelRef:88 -Coercing to be of type string. This may not even be a scalar type in actuality
2020-05-01 13:45:30.929 WARN  [main]s.d.s.readers.operation.OperationImplicitParameterReader.maybeGetModelRef:88 -Coercing to be of type string. This may not even be a scalar type in actuality
2020-05-01 13:57:53.466 WARN  [main]s.d.s.readers.operation.OperationImplicitParameterReader.maybeGetModelRef:88 -Coercing to be of type string. This may not even be a scalar type in actuality
2020-05-01 13:57:53.468 WARN  [main]s.d.s.readers.operation.OperationImplicitParameterReader.maybeGetModelRef:88 -Coercing to be of type string. This may not even be a scalar type in actuality
2020-05-01 13:57:53.473 WARN  [main]s.d.s.readers.operation.OperationImplicitParameterReader.maybeGetModelRef:88 -Coercing to be of type string. This may not even be a scalar type in actuality
2020-05-01 13:57:53.473 WARN  [main]s.d.s.readers.operation.OperationImplicitParameterReader.maybeGetModelRef:88 -Coercing to be of type string. This may not even be a scalar type in actuality
2020-05-01 13:57:53.474 WARN  [main]s.d.s.readers.operation.OperationImplicitParameterReader.maybeGetModelRef:88 -Coercing to be of type string. This may not even be a scalar type in actuality
2020-05-01 13:57:53.475 WARN  [main]s.d.s.readers.operation.OperationImplicitParameterReader.maybeGetModelRef:88 -Coercing to be of type string. This may not even be a scalar type in actuality
2020-05-01 13:57:53.476 WARN  [main]s.d.s.readers.operation.OperationImplicitParameterReader.maybeGetModelRef:88 -Coercing to be of type string. This may not even be a scalar type in actuality
2020-05-01 13:57:53.477 WARN  [main]s.d.s.readers.operation.OperationImplicitParameterReader.maybeGetModelRef:88 -Coercing to be of type string. This may not even be a scalar type in actuality
2020-05-01 13:57:53.478 WARN  [main]s.d.s.readers.operation.OperationImplicitParameterReader.maybeGetModelRef:88 -Coercing to be of type string. This may not even be a scalar type in actuality
2020-05-01 13:57:53.479 WARN  [main]s.d.s.readers.operation.OperationImplicitParameterReader.maybeGetModelRef:88 -Coercing to be of type string. This may not even be a scalar type in actuality
2020-05-01 13:57:53.480 WARN  [main]s.d.s.readers.operation.OperationImplicitParameterReader.maybeGetModelRef:88 -Coercing to be of type string. This may not even be a scalar type in actuality
2020-05-01 13:57:53.480 WARN  [main]s.d.s.readers.operation.OperationImplicitParameterReader.maybeGetModelRef:88 -Coercing to be of type string. This may not even be a scalar type in actuality
2020-05-01 13:57:53.482 WARN  [main]s.d.s.readers.operation.OperationImplicitParameterReader.maybeGetModelRef:88 -Coercing to be of type string. This may not even be a scalar type in actuality
2020-05-01 13:57:53.482 WARN  [main]s.d.s.readers.operation.OperationImplicitParameterReader.maybeGetModelRef:88 -Coercing to be of type string. This may not even be a scalar type in actuality
2020-05-01 13:57:53.484 WARN  [main]s.d.s.readers.operation.OperationImplicitParameterReader.maybeGetModelRef:88 -Coercing to be of type string. This may not even be a scalar type in actuality
2020-05-01 13:57:53.484 WARN  [main]s.d.s.readers.operation.OperationImplicitParameterReader.maybeGetModelRef:88 -Coercing to be of type string. This may not even be a scalar type in actuality
2020-05-01 14:09:36.511 WARN  [main]s.d.s.readers.operation.OperationImplicitParameterReader.maybeGetModelRef:88 -Coercing to be of type string. This may not even be a scalar type in actuality
2020-05-01 14:09:36.513 WARN  [main]s.d.s.readers.operation.OperationImplicitParameterReader.maybeGetModelRef:88 -Coercing to be of type string. This may not even be a scalar type in actuality
2020-05-01 14:09:36.518 WARN  [main]s.d.s.readers.operation.OperationImplicitParameterReader.maybeGetModelRef:88 -Coercing to be of type string. This may not even be a scalar type in actuality
2020-05-01 14:09:36.518 WARN  [main]s.d.s.readers.operation.OperationImplicitParameterReader.maybeGetModelRef:88 -Coercing to be of type string. This may not even be a scalar type in actuality
2020-05-01 14:09:36.519 WARN  [main]s.d.s.readers.operation.OperationImplicitParameterReader.maybeGetModelRef:88 -Coercing to be of type string. This may not even be a scalar type in actuality
2020-05-01 14:09:36.519 WARN  [main]s.d.s.readers.operation.OperationImplicitParameterReader.maybeGetModelRef:88 -Coercing to be of type string. This may not even be a scalar type in actuality
2020-05-01 14:09:36.521 WARN  [main]s.d.s.readers.operation.OperationImplicitParameterReader.maybeGetModelRef:88 -Coercing to be of type string. This may not even be a scalar type in actuality
2020-05-01 14:09:36.521 WARN  [main]s.d.s.readers.operation.OperationImplicitParameterReader.maybeGetModelRef:88 -Coercing to be of type string. This may not even be a scalar type in actuality
2020-05-01 14:09:36.523 WARN  [main]s.d.s.readers.operation.OperationImplicitParameterReader.maybeGetModelRef:88 -Coercing to be of type string. This may not even be a scalar type in actuality
2020-05-01 14:09:36.523 WARN  [main]s.d.s.readers.operation.OperationImplicitParameterReader.maybeGetModelRef:88 -Coercing to be of type string. This may not even be a scalar type in actuality
2020-05-01 14:09:36.524 WARN  [main]s.d.s.readers.operation.OperationImplicitParameterReader.maybeGetModelRef:88 -Coercing to be of type string. This may not even be a scalar type in actuality
2020-05-01 14:09:36.524 WARN  [main]s.d.s.readers.operation.OperationImplicitParameterReader.maybeGetModelRef:88 -Coercing to be of type string. This may not even be a scalar type in actuality
2020-05-01 14:09:36.526 WARN  [main]s.d.s.readers.operation.OperationImplicitParameterReader.maybeGetModelRef:88 -Coercing to be of type string. This may not even be a scalar type in actuality
2020-05-01 14:09:36.526 WARN  [main]s.d.s.readers.operation.OperationImplicitParameterReader.maybeGetModelRef:88 -Coercing to be of type string. This may not even be a scalar type in actuality
2020-05-01 14:09:36.528 WARN  [main]s.d.s.readers.operation.OperationImplicitParameterReader.maybeGetModelRef:88 -Coercing to be of type string. This may not even be a scalar type in actuality
2020-05-01 14:09:36.528 WARN  [main]s.d.s.readers.operation.OperationImplicitParameterReader.maybeGetModelRef:88 -Coercing to be of type string. This may not even be a scalar type in actuality
2020-05-01 17:04:54.579 WARN  [main]o.s.b.w.s.c.AnnotationConfigServletWebServerApplicationContext.refresh:558 -Exception encountered during context initialization - cancelling refresh attempt: org.springframework.beans.factory.UnsatisfiedDependencyException: Error creating bean with name 'documentationPluginsBootstrapper' defined in URL [jar:file:/E:/MAVEN_REP/io/springfox/springfox-spring-web/2.5.0/springfox-spring-web-2.5.0.jar!/springfox/documentation/spring/web/plugins/DocumentationPluginsBootstrapper.class]: Unsatisfied dependency expressed through constructor parameter 1; nested exception is org.springframework.beans.factory.UnsatisfiedDependencyException: Error creating bean with name 'webMvcRequestHandlerProvider' defined in URL [jar:file:/E:/MAVEN_REP/io/springfox/springfox-spring-web/2.5.0/springfox-spring-web-2.5.0.jar!/springfox/documentation/spring/web/plugins/WebMvcRequestHandlerProvider.class]: Unsatisfied dependency expressed through constructor parameter 0; nested exception is org.springframework.beans.factory.BeanCreationException: Error creating bean with name 'requestMappingHandlerMapping' defined in class path resource [org/springframework/boot/autoconfigure/web/servlet/WebMvcAutoConfiguration$EnableWebMvcConfiguration.class]: Invocation of init method failed; nested exception is java.lang.IllegalStateException: Ambiguous mapping. Cannot map 'musicController' method 
com.kxingyi.blog.controller.MusicController#getByPage(Page)
to {POST /log/getByPage}: There is already 'logController' bean method
com.kxingyi.blog.controller.LogController#getByPage(Page) mapped.
2020-05-01 17:05:51.436 WARN  [main]s.d.s.readers.operation.OperationImplicitParameterReader.maybeGetModelRef:88 -Coercing to be of type string. This may not even be a scalar type in actuality
2020-05-01 17:05:51.438 WARN  [main]s.d.s.readers.operation.OperationImplicitParameterReader.maybeGetModelRef:88 -Coercing to be of type string. This may not even be a scalar type in actuality
2020-05-01 17:05:51.443 WARN  [main]s.d.s.readers.operation.OperationImplicitParameterReader.maybeGetModelRef:88 -Coercing to be of type string. This may not even be a scalar type in actuality
2020-05-01 17:05:51.443 WARN  [main]s.d.s.readers.operation.OperationImplicitParameterReader.maybeGetModelRef:88 -Coercing to be of type string. This may not even be a scalar type in actuality
2020-05-01 17:05:51.444 WARN  [main]s.d.s.readers.operation.OperationImplicitParameterReader.maybeGetModelRef:88 -Coercing to be of type string. This may not even be a scalar type in actuality
2020-05-01 17:05:51.445 WARN  [main]s.d.s.readers.operation.OperationImplicitParameterReader.maybeGetModelRef:88 -Coercing to be of type string. This may not even be a scalar type in actuality
2020-05-01 17:05:51.446 WARN  [main]s.d.s.readers.operation.OperationImplicitParameterReader.maybeGetModelRef:88 -Coercing to be of type string. This may not even be a scalar type in actuality
2020-05-01 17:05:51.446 WARN  [main]s.d.s.readers.operation.OperationImplicitParameterReader.maybeGetModelRef:88 -Coercing to be of type string. This may not even be a scalar type in actuality
2020-05-01 17:05:51.448 WARN  [main]s.d.s.readers.operation.OperationImplicitParameterReader.maybeGetModelRef:88 -Coercing to be of type string. This may not even be a scalar type in actuality
2020-05-01 17:05:51.448 WARN  [main]s.d.s.readers.operation.OperationImplicitParameterReader.maybeGetModelRef:88 -Coercing to be of type string. This may not even be a scalar type in actuality
2020-05-01 17:05:51.449 WARN  [main]s.d.s.readers.operation.OperationImplicitParameterReader.maybeGetModelRef:88 -Coercing to be of type string. This may not even be a scalar type in actuality
2020-05-01 17:05:51.449 WARN  [main]s.d.s.readers.operation.OperationImplicitParameterReader.maybeGetModelRef:88 -Coercing to be of type string. This may not even be a scalar type in actuality
2020-05-01 17:05:51.451 WARN  [main]s.d.s.readers.operation.OperationImplicitParameterReader.maybeGetModelRef:88 -Coercing to be of type string. This may not even be a scalar type in actuality
2020-05-01 17:05:51.451 WARN  [main]s.d.s.readers.operation.OperationImplicitParameterReader.maybeGetModelRef:88 -Coercing to be of type string. This may not even be a scalar type in actuality
2020-05-01 17:05:51.453 WARN  [main]s.d.s.readers.operation.OperationImplicitParameterReader.maybeGetModelRef:88 -Coercing to be of type string. This may not even be a scalar type in actuality
2020-05-01 17:05:51.453 WARN  [main]s.d.s.readers.operation.OperationImplicitParameterReader.maybeGetModelRef:88 -Coercing to be of type string. This may not even be a scalar type in actuality
2020-05-01 17:08:39.439 WARN  [main]s.d.s.readers.operation.OperationImplicitParameterReader.maybeGetModelRef:88 -Coercing to be of type string. This may not even be a scalar type in actuality
2020-05-01 17:08:39.440 WARN  [main]s.d.s.readers.operation.OperationImplicitParameterReader.maybeGetModelRef:88 -Coercing to be of type string. This may not even be a scalar type in actuality
2020-05-01 17:08:39.445 WARN  [main]s.d.s.readers.operation.OperationImplicitParameterReader.maybeGetModelRef:88 -Coercing to be of type string. This may not even be a scalar type in actuality
2020-05-01 17:08:39.446 WARN  [main]s.d.s.readers.operation.OperationImplicitParameterReader.maybeGetModelRef:88 -Coercing to be of type string. This may not even be a scalar type in actuality
2020-05-01 17:08:39.447 WARN  [main]s.d.s.readers.operation.OperationImplicitParameterReader.maybeGetModelRef:88 -Coercing to be of type string. This may not even be a scalar type in actuality
2020-05-01 17:08:39.447 WARN  [main]s.d.s.readers.operation.OperationImplicitParameterReader.maybeGetModelRef:88 -Coercing to be of type string. This may not even be a scalar type in actuality
2020-05-01 17:08:39.448 WARN  [main]s.d.s.readers.operation.OperationImplicitParameterReader.maybeGetModelRef:88 -Coercing to be of type string. This may not even be a scalar type in actuality
2020-05-01 17:08:39.449 WARN  [main]s.d.s.readers.operation.OperationImplicitParameterReader.maybeGetModelRef:88 -Coercing to be of type string. This may not even be a scalar type in actuality
2020-05-01 17:08:39.450 WARN  [main]s.d.s.readers.operation.OperationImplicitParameterReader.maybeGetModelRef:88 -Coercing to be of type string. This may not even be a scalar type in actuality
2020-05-01 17:08:39.450 WARN  [main]s.d.s.readers.operation.OperationImplicitParameterReader.maybeGetModelRef:88 -Coercing to be of type string. This may not even be a scalar type in actuality
2020-05-01 17:08:39.452 WARN  [main]s.d.s.readers.operation.OperationImplicitParameterReader.maybeGetModelRef:88 -Coercing to be of type string. This may not even be a scalar type in actuality
2020-05-01 17:08:39.452 WARN  [main]s.d.s.readers.operation.OperationImplicitParameterReader.maybeGetModelRef:88 -Coercing to be of type string. This may not even be a scalar type in actuality
2020-05-01 17:08:39.453 WARN  [main]s.d.s.readers.operation.OperationImplicitParameterReader.maybeGetModelRef:88 -Coercing to be of type string. This may not even be a scalar type in actuality
2020-05-01 17:08:39.454 WARN  [main]s.d.s.readers.operation.OperationImplicitParameterReader.maybeGetModelRef:88 -Coercing to be of type string. This may not even be a scalar type in actuality
2020-05-01 17:08:39.455 WARN  [main]s.d.s.readers.operation.OperationImplicitParameterReader.maybeGetModelRef:88 -Coercing to be of type string. This may not even be a scalar type in actuality
2020-05-01 17:08:39.456 WARN  [main]s.d.s.readers.operation.OperationImplicitParameterReader.maybeGetModelRef:88 -Coercing to be of type string. This may not even be a scalar type in actuality
2020-05-01 17:19:24.719 WARN  [main]s.d.s.readers.operation.OperationImplicitParameterReader.maybeGetModelRef:88 -Coercing to be of type string. This may not even be a scalar type in actuality
2020-05-01 17:19:24.720 WARN  [main]s.d.s.readers.operation.OperationImplicitParameterReader.maybeGetModelRef:88 -Coercing to be of type string. This may not even be a scalar type in actuality
2020-05-01 17:19:24.725 WARN  [main]s.d.s.readers.operation.OperationImplicitParameterReader.maybeGetModelRef:88 -Coercing to be of type string. This may not even be a scalar type in actuality
2020-05-01 17:19:24.725 WARN  [main]s.d.s.readers.operation.OperationImplicitParameterReader.maybeGetModelRef:88 -Coercing to be of type string. This may not even be a scalar type in actuality
2020-05-01 17:19:24.727 WARN  [main]s.d.s.readers.operation.OperationImplicitParameterReader.maybeGetModelRef:88 -Coercing to be of type string. This may not even be a scalar type in actuality
2020-05-01 17:19:24.727 WARN  [main]s.d.s.readers.operation.OperationImplicitParameterReader.maybeGetModelRef:88 -Coercing to be of type string. This may not even be a scalar type in actuality
2020-05-01 17:19:24.728 WARN  [main]s.d.s.readers.operation.OperationImplicitParameterReader.maybeGetModelRef:88 -Coercing to be of type string. This may not even be a scalar type in actuality
2020-05-01 17:19:24.729 WARN  [main]s.d.s.readers.operation.OperationImplicitParameterReader.maybeGetModelRef:88 -Coercing to be of type string. This may not even be a scalar type in actuality
2020-05-01 17:19:24.730 WARN  [main]s.d.s.readers.operation.OperationImplicitParameterReader.maybeGetModelRef:88 -Coercing to be of type string. This may not even be a scalar type in actuality
2020-05-01 17:19:24.731 WARN  [main]s.d.s.readers.operation.OperationImplicitParameterReader.maybeGetModelRef:88 -Coercing to be of type string. This may not even be a scalar type in actuality
2020-05-01 17:19:24.732 WARN  [main]s.d.s.readers.operation.OperationImplicitParameterReader.maybeGetModelRef:88 -Coercing to be of type string. This may not even be a scalar type in actuality
2020-05-01 17:19:24.732 WARN  [main]s.d.s.readers.operation.OperationImplicitParameterReader.maybeGetModelRef:88 -Coercing to be of type string. This may not even be a scalar type in actuality
2020-05-01 17:19:24.734 WARN  [main]s.d.s.readers.operation.OperationImplicitParameterReader.maybeGetModelRef:88 -Coercing to be of type string. This may not even be a scalar type in actuality
2020-05-01 17:19:24.734 WARN  [main]s.d.s.readers.operation.OperationImplicitParameterReader.maybeGetModelRef:88 -Coercing to be of type string. This may not even be a scalar type in actuality
2020-05-01 17:19:24.736 WARN  [main]s.d.s.readers.operation.OperationImplicitParameterReader.maybeGetModelRef:88 -Coercing to be of type string. This may not even be a scalar type in actuality
2020-05-01 17:19:24.736 WARN  [main]s.d.s.readers.operation.OperationImplicitParameterReader.maybeGetModelRef:88 -Coercing to be of type string. This may not even be a scalar type in actuality
