2020-04-23 17:28:38.306 INFO  [main]com.kxingyi.blog.type.TypeTest.logStarting:55 -Starting TypeTest on DESKTOP-UBAL805 with PID 19212 (started by kxingyi in E:\workSpace\idea_workspace\vue_blog)
2020-04-23 17:28:38.310 DEBUG [main]com.kxingyi.blog.type.TypeTest.logStarting:56 -Running with Spring Boot v2.2.2.RELEASE, Spring v5.2.2.RELEASE
2020-04-23 17:28:38.311 INFO  [main]com.kxingyi.blog.type.TypeTest.logStartupProfileInfo:655 -The following profiles are active: dev
2020-04-23 17:28:39.259 INFO  [main]o.s.d.repository.config.RepositoryConfigurationDelegate.multipleStoresDetected:249 -Multiple Spring Data modules found, entering strict repository configuration mode!
2020-04-23 17:28:39.261 INFO  [main]o.s.d.repository.config.RepositoryConfigurationDelegate.registerRepositoriesIn:127 -Bootstrapping Spring Data MongoDB repositories in DEFAULT mode.
2020-04-23 17:28:39.294 INFO  [main]o.s.d.repository.config.RepositoryConfigurationDelegate.registerRepositoriesIn:187 -Finished Spring Data repository scanning in 26ms. Found 0 MongoDB repository interfaces.
2020-04-23 17:28:39.312 INFO  [main]o.s.d.repository.config.RepositoryConfigurationDelegate.multipleStoresDetected:249 -Multiple Spring Data modules found, entering strict repository configuration mode!
2020-04-23 17:28:39.315 INFO  [main]o.s.d.repository.config.RepositoryConfigurationDelegate.registerRepositoriesIn:127 -Bootstrapping Spring Data Redis repositories in DEFAULT mode.
2020-04-23 17:28:39.333 INFO  [main]o.s.d.repository.config.RepositoryConfigurationDelegate.registerRepositoriesIn:187 -Finished Spring Data repository scanning in 8ms. Found 0 Redis repository interfaces.
2020-04-23 17:28:39.918 INFO  [main]o.s.c.s.PostProcessorRegistrationDelegate$BeanPostProcessorChecker.postProcessAfterInitialization:330 -Bean 'org.springframework.transaction.annotation.ProxyTransactionManagementConfiguration' of type [org.springframework.transaction.annotation.ProxyTransactionManagementConfiguration] is not eligible for getting processed by all BeanPostProcessors (for example: not eligible for auto-proxying)
2020-04-23 17:28:40.181 INFO  [main]o.s.c.s.PostProcessorRegistrationDelegate$BeanPostProcessorChecker.postProcessAfterInitialization:330 -Bean 'shiroConfig' of type [com.kxingyi.blog.config.ShiroConfig$$EnhancerBySpringCGLIB$$242c1b1f] is not eligible for getting processed by all BeanPostProcessors (for example: not eligible for auto-proxying)
2020-04-23 17:28:40.237 INFO  [main]o.s.c.s.PostProcessorRegistrationDelegate$BeanPostProcessorChecker.postProcessAfterInitialization:330 -Bean 'mybatis-org.mybatis.spring.boot.autoconfigure.MybatisProperties' of type [org.mybatis.spring.boot.autoconfigure.MybatisProperties] is not eligible for getting processed by all BeanPostProcessors (for example: not eligible for auto-proxying)
2020-04-23 17:28:40.250 INFO  [main]o.s.c.s.PostProcessorRegistrationDelegate$BeanPostProcessorChecker.postProcessAfterInitialization:330 -Bean 'org.mybatis.spring.boot.autoconfigure.MybatisAutoConfiguration' of type [org.mybatis.spring.boot.autoconfigure.MybatisAutoConfiguration$$EnhancerBySpringCGLIB$$45692ed] is not eligible for getting processed by all BeanPostProcessors (for example: not eligible for auto-proxying)
2020-04-23 17:28:40.258 INFO  [main]o.s.c.s.PostProcessorRegistrationDelegate$BeanPostProcessorChecker.postProcessAfterInitialization:330 -Bean 'com.alibaba.druid.spring.boot.autoconfigure.DruidDataSourceAutoConfigure' of type [com.alibaba.druid.spring.boot.autoconfigure.DruidDataSourceAutoConfigure$$EnhancerBySpringCGLIB$$eb2e372f] is not eligible for getting processed by all BeanPostProcessors (for example: not eligible for auto-proxying)
2020-04-23 17:28:40.262 INFO  [main]c.a.d.s.boot.autoconfigure.DruidDataSourceAutoConfigure.dataSource:56 -Init DruidDataSource
2020-04-23 17:28:40.321 INFO  [main]o.s.c.s.PostProcessorRegistrationDelegate$BeanPostProcessorChecker.postProcessAfterInitialization:330 -Bean 'spring.datasource-org.springframework.boot.autoconfigure.jdbc.DataSourceProperties' of type [org.springframework.boot.autoconfigure.jdbc.DataSourceProperties] is not eligible for getting processed by all BeanPostProcessors (for example: not eligible for auto-proxying)
2020-04-23 17:28:40.341 INFO  [main]o.s.c.s.PostProcessorRegistrationDelegate$BeanPostProcessorChecker.postProcessAfterInitialization:330 -Bean 'com.alibaba.druid.spring.boot.autoconfigure.stat.DruidFilterConfiguration' of type [com.alibaba.druid.spring.boot.autoconfigure.stat.DruidFilterConfiguration] is not eligible for getting processed by all BeanPostProcessors (for example: not eligible for auto-proxying)
2020-04-23 17:28:40.379 INFO  [main]o.s.c.s.PostProcessorRegistrationDelegate$BeanPostProcessorChecker.postProcessAfterInitialization:330 -Bean 'statFilter' of type [com.alibaba.druid.filter.stat.StatFilter] is not eligible for getting processed by all BeanPostProcessors (for example: not eligible for auto-proxying)
2020-04-23 17:28:41.729 INFO  [main]com.alibaba.druid.pool.DruidDataSource.init:930 -{dataSource-1} inited
2020-04-23 17:28:41.729 INFO  [main]o.s.c.s.PostProcessorRegistrationDelegate$BeanPostProcessorChecker.postProcessAfterInitialization:330 -Bean 'dataSource' of type [com.alibaba.druid.spring.boot.autoconfigure.DruidDataSourceWrapper] is not eligible for getting processed by all BeanPostProcessors (for example: not eligible for auto-proxying)
2020-04-23 17:28:41.786 INFO  [main]o.s.c.s.PostProcessorRegistrationDelegate$BeanPostProcessorChecker.postProcessAfterInitialization:330 -Bean 'org.springframework.boot.autoconfigure.jdbc.DataSourceInitializerInvoker' of type [org.springframework.boot.autoconfigure.jdbc.DataSourceInitializerInvoker] is not eligible for getting processed by all BeanPostProcessors (for example: not eligible for auto-proxying)
2020-04-23 17:28:42.080 INFO  [main]o.s.c.s.PostProcessorRegistrationDelegate$BeanPostProcessorChecker.postProcessAfterInitialization:330 -Bean 'sqlSessionFactory' of type [org.apache.ibatis.session.defaults.DefaultSqlSessionFactory] is not eligible for getting processed by all BeanPostProcessors (for example: not eligible for auto-proxying)
2020-04-23 17:28:42.097 INFO  [main]o.s.c.s.PostProcessorRegistrationDelegate$BeanPostProcessorChecker.postProcessAfterInitialization:330 -Bean 'sqlSessionTemplate' of type [org.mybatis.spring.SqlSessionTemplate] is not eligible for getting processed by all BeanPostProcessors (for example: not eligible for auto-proxying)
2020-04-23 17:28:42.106 INFO  [main]o.s.c.s.PostProcessorRegistrationDelegate$BeanPostProcessorChecker.postProcessAfterInitialization:330 -Bean 'adminMapper' of type [org.mybatis.spring.mapper.MapperFactoryBean] is not eligible for getting processed by all BeanPostProcessors (for example: not eligible for auto-proxying)
2020-04-23 17:28:42.112 INFO  [main]o.s.c.s.PostProcessorRegistrationDelegate$BeanPostProcessorChecker.postProcessAfterInitialization:330 -Bean 'adminMapper' of type [com.sun.proxy.$Proxy106] is not eligible for getting processed by all BeanPostProcessors (for example: not eligible for auto-proxying)
2020-04-23 17:28:42.117 INFO  [main]o.s.c.s.PostProcessorRegistrationDelegate$BeanPostProcessorChecker.postProcessAfterInitialization:330 -Bean 'adminServiceImpl' of type [com.kxingyi.blog.service.impl.AdminServiceImpl] is not eligible for getting processed by all BeanPostProcessors (for example: not eligible for auto-proxying)
2020-04-23 17:28:42.121 INFO  [main]o.s.c.s.PostProcessorRegistrationDelegate$BeanPostProcessorChecker.postProcessAfterInitialization:330 -Bean 'userServiceImpl' of type [com.kxingyi.blog.service.impl.UserServiceImpl] is not eligible for getting processed by all BeanPostProcessors (for example: not eligible for auto-proxying)
2020-04-23 17:28:42.124 INFO  [main]o.s.c.s.PostProcessorRegistrationDelegate$BeanPostProcessorChecker.postProcessAfterInitialization:330 -Bean 'adminRealm' of type [com.kxingyi.blog.realm.AdminRealm] is not eligible for getting processed by all BeanPostProcessors (for example: not eligible for auto-proxying)
2020-04-23 17:28:42.184 INFO  [main]o.s.c.s.PostProcessorRegistrationDelegate$BeanPostProcessorChecker.postProcessAfterInitialization:330 -Bean 'securityManager' of type [org.apache.shiro.web.mgt.DefaultWebSecurityManager] is not eligible for getting processed by all BeanPostProcessors (for example: not eligible for auto-proxying)
2020-04-23 17:28:42.232 INFO  [main]o.s.c.s.PostProcessorRegistrationDelegate$BeanPostProcessorChecker.postProcessAfterInitialization:330 -Bean 'authorizationAttributeSourceAdvisor' of type [org.apache.shiro.spring.security.interceptor.AuthorizationAttributeSourceAdvisor] is not eligible for getting processed by all BeanPostProcessors (for example: not eligible for auto-proxying)
2020-04-23 17:28:44.924 INFO  [main]org.mongodb.driver.cluster.info:71 -Cluster created with settings {hosts=[127.0.0.1:27017], mode=MULTIPLE, requiredClusterType=UNKNOWN, serverSelectionTimeout='30000 ms', maxWaitQueueSize=500}
2020-04-23 17:28:44.925 INFO  [main]org.mongodb.driver.cluster.info:71 -Adding discovered server 127.0.0.1:27017 to client view of cluster
2020-04-23 17:28:45.004 INFO  [cluster-ClusterId{value='5ea15fcc8fa73e125bcc77a6', description='null'}-127.0.0.1:27017]org.mongodb.driver.connection.info:71 -Opened connection [connectionId{localValue:1, serverValue:45}] to 127.0.0.1:27017
2020-04-23 17:28:45.009 INFO  [cluster-ClusterId{value='5ea15fcc8fa73e125bcc77a6', description='null'}-127.0.0.1:27017]org.mongodb.driver.cluster.info:71 -Monitor thread successfully connected to server with description ServerDescription{address=127.0.0.1:27017, type=STANDALONE, state=CONNECTED, ok=true, version=ServerVersion{versionList=[3, 4, 2]}, minWireVersion=0, maxWireVersion=5, maxDocumentSize=16777216, logicalSessionTimeoutMinutes=null, roundTripTimeNanos=1351200}
2020-04-23 17:28:45.011 INFO  [cluster-ClusterId{value='5ea15fcc8fa73e125bcc77a6', description='null'}-127.0.0.1:27017]org.mongodb.driver.cluster.info:71 -Discovered cluster type of STANDALONE
2020-04-23 17:28:45.927 INFO  [main]s.d.spring.web.plugins.DocumentationPluginsBootstrapper.start:120 -Context refreshed
2020-04-23 17:28:45.946 INFO  [main]s.d.spring.web.plugins.DocumentationPluginsBootstrapper.start:123 -Found 1 custom documentation plugin(s)
2020-04-23 17:28:45.957 INFO  [main]s.d.spring.web.scanners.ApiListingReferenceScanner.scan:44 -Scanning for api listing references
2020-04-23 17:28:46.081 WARN  [main]s.d.s.readers.operation.OperationImplicitParameterReader.maybeGetModelRef:88 -Coercing to be of type string. This may not even be a scalar type in actuality
2020-04-23 17:28:46.084 WARN  [main]s.d.s.readers.operation.OperationImplicitParameterReader.maybeGetModelRef:88 -Coercing to be of type string. This may not even be a scalar type in actuality
2020-04-23 17:28:46.199 INFO  [main]com.kxingyi.blog.type.TypeTest.logStarted:61 -Started TypeTest in 8.395 seconds (JVM running for 9.534)
2020-04-23 17:28:46.539 DEBUG [main]com.kxingyi.blog.mapper.TypeMapper.insert.debug:159 -==>  Preparing: insert into bl_type(type_name) values( ? ) 
2020-04-23 17:28:46.574 DEBUG [main]com.kxingyi.blog.mapper.TypeMapper.insert.debug:159 -==> Parameters: java分类(String)
2020-04-23 17:28:46.585 DEBUG [main]com.kxingyi.blog.mapper.TypeMapper.insert.debug:159 -<==    Updates: 1
2020-04-23 17:28:46.633 INFO  [SpringContextShutdownHook]o.s.jmx.export.annotation.AnnotationMBeanExporter.doUnregister:211 -Could not unregister MBean [com.github.tobato.fastdfs.domain.conn:name=fdfsConnectionPool,type=FdfsConnectionPool] as said MBean is not registered (perhaps already unregistered by an external process)
2020-04-23 17:28:46.647 INFO  [SpringContextShutdownHook]com.alibaba.druid.pool.DruidDataSource.close:1825 -{dataSource-1} closed
