2020-04-21 13:26:33.175 DEBUG [main]com.kxingyi.blog.VueBlogApplication.logStarting:56 -Running with Spring Boot v2.2.2.RELEASE, Spring v5.2.2.RELEASE
2020-04-21 13:39:01.964 DEBUG [main]com.kxingyi.blog.VueBlogApplication.logStarting:56 -Running with Spring Boot v2.2.2.RELEASE, Spring v5.2.2.RELEASE
2020-04-21 13:43:06.125 DEBUG [main]com.kxingyi.blog.VueBlogApplication.logStarting:56 -Running with Spring Boot v2.2.2.RELEASE, Spring v5.2.2.RELEASE
2020-04-21 13:50:49.279 DEBUG [main]com.kxingyi.blog.VueBlogApplication.logStarting:56 -Running with Spring Boot v2.2.2.RELEASE, Spring v5.2.2.RELEASE
2020-04-21 13:52:52.024 DEBUG [main]com.kxingyi.blog.VueBlogApplication.logStarting:56 -Running with Spring Boot v2.2.2.RELEASE, Spring v5.2.2.RELEASE
2020-04-21 13:54:46.546 DEBUG [main]com.kxingyi.blog.VueBlogApplication.logStarting:56 -Running with Spring Boot v2.2.2.RELEASE, Spring v5.2.2.RELEASE
2020-04-21 13:56:23.674 DEBUG [main]com.kxingyi.blog.VueBlogApplication.logStarting:56 -Running with Spring Boot v2.2.2.RELEASE, Spring v5.2.2.RELEASE
2020-04-21 13:57:45.035 DEBUG [main]com.kxingyi.blog.VueBlogApplication.logStarting:56 -Running with Spring Boot v2.2.2.RELEASE, Spring v5.2.2.RELEASE
2020-04-21 13:59:11.431 DEBUG [main]com.kxingyi.blog.VueBlogApplication.logStarting:56 -Running with Spring Boot v2.2.2.RELEASE, Spring v5.2.2.RELEASE
2020-04-21 14:00:31.786 DEBUG [main]com.kxingyi.blog.VueBlogApplication.logStarting:56 -Running with Spring Boot v2.2.2.RELEASE, Spring v5.2.2.RELEASE
2020-04-21 14:04:39.434 DEBUG [main]com.kxingyi.blog.VueBlogApplication.logStarting:56 -Running with Spring Boot v2.2.2.RELEASE, Spring v5.2.2.RELEASE
2020-04-21 15:01:50.332 DEBUG [main]com.kxingyi.blog.VueBlogApplication.logStarting:56 -Running with Spring Boot v2.2.2.RELEASE, Spring v5.2.2.RELEASE
2020-04-21 15:37:52.271 DEBUG [main]com.kxingyi.blog.VueBlogApplication.logStarting:56 -Running with Spring Boot v2.2.2.RELEASE, Spring v5.2.2.RELEASE
2020-04-21 15:41:57.546 DEBUG [main]com.kxingyi.blog.VueBlogApplication.logStarting:56 -Running with Spring Boot v2.2.2.RELEASE, Spring v5.2.2.RELEASE
2020-04-21 15:42:54.014 DEBUG [main]com.kxingyi.blog.VueBlogApplication.logStarting:56 -Running with Spring Boot v2.2.2.RELEASE, Spring v5.2.2.RELEASE
2020-04-21 15:43:52.938 DEBUG [main]com.kxingyi.blog.VueBlogApplication.logStarting:56 -Running with Spring Boot v2.2.2.RELEASE, Spring v5.2.2.RELEASE
2020-04-21 15:45:46.506 DEBUG [main]com.kxingyi.blog.VueBlogApplication.logStarting:56 -Running with Spring Boot v2.2.2.RELEASE, Spring v5.2.2.RELEASE
2020-04-21 15:48:40.973 DEBUG [main]com.kxingyi.blog.VueBlogApplication.logStarting:56 -Running with Spring Boot v2.2.2.RELEASE, Spring v5.2.2.RELEASE
2020-04-21 15:49:05.286 DEBUG [main]com.kxingyi.blog.VueBlogApplication.logStarting:56 -Running with Spring Boot v2.2.2.RELEASE, Spring v5.2.2.RELEASE
2020-04-21 15:50:49.204 DEBUG [main]com.kxingyi.blog.VueBlogApplication.logStarting:56 -Running with Spring Boot v2.2.2.RELEASE, Spring v5.2.2.RELEASE
2020-04-21 16:01:59.427 DEBUG [main]com.kxingyi.blog.VueBlogApplication.logStarting:56 -Running with Spring Boot v2.2.2.RELEASE, Spring v5.2.2.RELEASE
2020-04-21 16:02:52.246 DEBUG [main]com.kxingyi.blog.VueBlogApplication.logStarting:56 -Running with Spring Boot v2.2.2.RELEASE, Spring v5.2.2.RELEASE
2020-04-21 16:04:45.158 DEBUG [main]com.kxingyi.blog.VueBlogApplication.logStarting:56 -Running with Spring Boot v2.2.2.RELEASE, Spring v5.2.2.RELEASE
2020-04-21 16:05:41.445 DEBUG [main]com.kxingyi.blog.VueBlogApplication.logStarting:56 -Running with Spring Boot v2.2.2.RELEASE, Spring v5.2.2.RELEASE
2020-04-21 16:06:04.975 DEBUG [main]com.kxingyi.blog.VueBlogApplication.logStarting:56 -Running with Spring Boot v2.2.2.RELEASE, Spring v5.2.2.RELEASE
2020-04-21 16:15:19.137 DEBUG [main]com.kxingyi.blog.VueBlogApplication.logStarting:56 -Running with Spring Boot v2.2.2.RELEASE, Spring v5.2.2.RELEASE
2020-04-21 16:15:59.357 DEBUG [main]com.kxingyi.blog.VueBlogApplication.logStarting:56 -Running with Spring Boot v2.2.2.RELEASE, Spring v5.2.2.RELEASE
2020-04-21 16:50:17.013 DEBUG [main]com.kxingyi.blog.VueBlogApplication.logStarting:56 -Running with Spring Boot v2.2.2.RELEASE, Spring v5.2.2.RELEASE
2020-04-21 17:19:29.006 DEBUG [main]com.kxingyi.blog.VueBlogApplication.logStarting:56 -Running with Spring Boot v2.2.2.RELEASE, Spring v5.2.2.RELEASE
2020-04-21 17:44:57.822 DEBUG [main]com.kxingyi.blog.VueBlogApplication.logStarting:56 -Running with Spring Boot v2.2.2.RELEASE, Spring v5.2.2.RELEASE
2020-04-21 18:08:15.317 DEBUG [main]com.kxingyi.blog.admin.adminTest.logStarting:56 -Running with Spring Boot v2.2.2.RELEASE, Spring v5.2.2.RELEASE
2020-04-21 18:08:23.016 DEBUG [main]com.kxingyi.blog.mapper.AdminMapper.getByUsername.debug:159 -==>  Preparing: select id, name, header, signature, comment, username, password from bl_admin WHERE username = ? 
2020-04-21 18:08:23.047 DEBUG [main]com.kxingyi.blog.mapper.AdminMapper.getByUsername.debug:159 -==> Parameters: 1(String)
2020-04-21 18:08:23.075 DEBUG [main]com.kxingyi.blog.mapper.AdminMapper.getByUsername.debug:159 -<==      Total: 1
2020-04-21 18:08:53.382 DEBUG [main]com.kxingyi.blog.admin.adminTest.logStarting:56 -Running with Spring Boot v2.2.2.RELEASE, Spring v5.2.2.RELEASE
2020-04-21 18:09:01.406 DEBUG [main]com.kxingyi.blog.mapper.AdminMapper.getByUsername.debug:159 -==>  Preparing: select id, name, header, signature, comment, username, password from bl_admin WHERE username = ? 
2020-04-21 18:09:01.435 DEBUG [main]com.kxingyi.blog.mapper.AdminMapper.getByUsername.debug:159 -==> Parameters: 1(String)
2020-04-21 18:09:01.460 DEBUG [main]com.kxingyi.blog.mapper.AdminMapper.getByUsername.debug:159 -<==      Total: 1
2020-04-21 19:35:28.236 DEBUG [main]com.kxingyi.blog.admin.adminTest.logStarting:56 -Running with Spring Boot v2.2.2.RELEASE, Spring v5.2.2.RELEASE
2020-04-21 19:35:37.201 DEBUG [main]com.kxingyi.blog.mapper.AdminMapper.getByUsername.debug:159 -==>  Preparing: select id, name, header, signature, comment, username, password from bl_admin WHERE username = ? 
2020-04-21 19:35:37.231 DEBUG [main]com.kxingyi.blog.mapper.AdminMapper.getByUsername.debug:159 -==> Parameters: 1(String)
2020-04-21 19:35:37.258 DEBUG [main]com.kxingyi.blog.mapper.AdminMapper.getByUsername.debug:159 -<==      Total: 0
2020-04-21 19:36:13.026 DEBUG [main]com.kxingyi.blog.VueBlogApplication.logStarting:56 -Running with Spring Boot v2.2.2.RELEASE, Spring v5.2.2.RELEASE
2020-04-21 19:39:27.774 DEBUG [main]com.kxingyi.blog.VueBlogApplication.logStarting:56 -Running with Spring Boot v2.2.2.RELEASE, Spring v5.2.2.RELEASE
2020-04-21 19:59:50.967 DEBUG [main]com.kxingyi.blog.VueBlogApplication.logStarting:56 -Running with Spring Boot v2.2.2.RELEASE, Spring v5.2.2.RELEASE
2020-04-21 20:02:30.666 DEBUG [main]com.kxingyi.blog.VueBlogApplication.logStarting:56 -Running with Spring Boot v2.2.2.RELEASE, Spring v5.2.2.RELEASE
2020-04-21 20:04:42.560 DEBUG [main]com.kxingyi.blog.VueBlogApplication.logStarting:56 -Running with Spring Boot v2.2.2.RELEASE, Spring v5.2.2.RELEASE
2020-04-21 20:05:03.456 DEBUG [http-nio-9000-exec-2]com.kxingyi.blog.mapper.AdminMapper.getByUsername.debug:159 -==>  Preparing: select id, name, header, signature, comment, username, password from bl_admin WHERE username = ? 
2020-04-21 20:05:06.031 DEBUG [http-nio-9000-exec-2]com.kxingyi.blog.mapper.AdminMapper.getByUsername.debug:159 -==> Parameters: lby(String)
2020-04-21 20:05:07.929 DEBUG [http-nio-9000-exec-2]com.kxingyi.blog.mapper.AdminMapper.getByUsername.debug:159 -<==      Total: 1
